<?xml version="1.0" encoding="UTF-8"?>
<testng-results skipped="0" failed="0" ignored="0" total="1" passed="1">
  <reporter-output>
  </reporter-output>
  <suite name="Default suite" duration-ms="14579" started-at="2023-03-06T16:35:14Z" finished-at="2023-03-06T16:35:29Z">
    <groups>
    </groups>
    <test name="Default test" duration-ms="14579" started-at="2023-03-06T16:35:14Z" finished-at="2023-03-06T16:35:29Z">
      <class name="practiceTest.AmazonDuplicateValueTest">
        <test-method status="PASS" signature="setup()[pri:0, instance:practiceTest.AmazonDuplicateValueTest@60d8c9b7]" name="setup" is-config="true" duration-ms="2732" started-at="2023-03-06T16:35:14Z" finished-at="2023-03-06T16:35:17Z">
          <reporter-output>
          </reporter-output>
        </test-method> <!-- setup -->
        <test-method status="PASS" signature="amazonTest()[pri:0, instance:practiceTest.AmazonDuplicateValueTest@60d8c9b7]" name="amazonTest" duration-ms="11804" started-at="2023-03-06T16:35:17Z" finished-at="2023-03-06T16:35:29Z">
          <reporter-output>
          </reporter-output>
        </test-method> <!-- amazonTest -->
      </class> <!-- practiceTest.AmazonDuplicateValueTest -->
    </test> <!-- Default test -->
  </suite> <!-- Default suite -->
</testng-results>
